INFORMATION
9/24/2021 1:39:15 AM
İstek alındı!
=======================================================================================================================================================================================
INFORMATION
9/24/2021 2:02:37 AM
İstek alındı!
=======================================================================================================================================================================================
INFORMATION
9/24/2021 2:02:37 AM
Veriler veritabanından okundu!
=======================================================================================================================================================================================
INFORMATION
9/24/2021 2:03:34 AM
İstek alındı!
=======================================================================================================================================================================================
INFORMATION
9/24/2021 2:03:34 AM
Veriler veritabanından okundu!
=======================================================================================================================================================================================
INFORMATION
9/24/2021 2:03:50 AM
SQLite Error 1: 'near ")": syntax error'.
=======================================================================================================================================================================================
INFORMATION
9/24/2021 2:04:12 AM
İstek alındı!
=======================================================================================================================================================================================
INFORMATION
9/24/2021 2:04:12 AM
Veriler veritabanından okundu!
=======================================================================================================================================================================================
INFORMATION
9/24/2021 2:05:58 AM
İstek alındı!
=======================================================================================================================================================================================
INFORMATION
9/24/2021 2:05:58 AM
Veriler veritabanından okundu!
=======================================================================================================================================================================================
INFORMATION
9/24/2021 2:06:01 AM
startIndex must be less than length of string. (Parameter 'startIndex')
=======================================================================================================================================================================================
INFORMATION
9/24/2021 2:06:10 AM
İstek alındı!
=======================================================================================================================================================================================
INFORMATION
9/24/2021 2:06:10 AM
Veriler veritabanından okundu!
=======================================================================================================================================================================================
INFORMATION
9/24/2021 2:06:50 AM
İstek alındı!
=======================================================================================================================================================================================
INFORMATION
9/24/2021 2:06:51 AM
Veriler veritabanından okundu!
=======================================================================================================================================================================================
INFORMATION
9/24/2021 2:07:47 AM
İstek alındı!
=======================================================================================================================================================================================
INFORMATION
9/24/2021 2:07:48 AM
Veriler veritabanından okundu!
=======================================================================================================================================================================================
INFORMATION
9/24/2021 2:08:30 AM
İstek alındı!
=======================================================================================================================================================================================
INFORMATION
9/24/2021 2:08:30 AM
Veriler veritabanından okundu!
=======================================================================================================================================================================================
INFORMATION
9/24/2021 2:10:16 AM
İstek alındı!
=======================================================================================================================================================================================
INFORMATION
9/24/2021 2:10:16 AM
Veriler veritabanından okundu!
=======================================================================================================================================================================================
INFORMATION
9/24/2021 2:10:25 AM
Veriler veritabanına yazıldı!
=======================================================================================================================================================================================
INFORMATION
9/24/2021 2:10:46 AM
Veriler veritabanından okundu!
=======================================================================================================================================================================================
INFORMATION
9/24/2021 2:13:49 AM
İstek alındı!
=======================================================================================================================================================================================
INFORMATION
9/24/2021 2:13:53 AM
Veriler veritabanından okundu!
=======================================================================================================================================================================================
INFORMATION
9/24/2021 2:15:00 AM
İstek alındı!
=======================================================================================================================================================================================
INFORMATION
9/24/2021 2:15:02 AM
Veriler veritabanından okundu!
=======================================================================================================================================================================================
INFORMATION
9/24/2021 2:30:55 AM
Veriler veritabanına yazıldı!
=======================================================================================================================================================================================
INFORMATION
9/24/2021 2:31:03 AM
İstek alındı!
=======================================================================================================================================================================================
INFORMATION
9/24/2021 2:31:06 AM
Error parsing column 8 (Balance=0 - Int64)
=======================================================================================================================================================================================
INFORMATION
9/24/2021 2:31:21 AM
İstek alındı!
=======================================================================================================================================================================================
INFORMATION
9/24/2021 2:31:25 AM
Error parsing column 8 (Balance=0 - Int64)
=======================================================================================================================================================================================
INFORMATION
9/24/2021 2:31:35 AM
İstek alındı!
=======================================================================================================================================================================================
INFORMATION
9/24/2021 2:32:14 AM
Error parsing column 8 (Balance=0 - Int64)
=======================================================================================================================================================================================
INFORMATION
9/24/2021 2:33:33 AM
İstek alındı!
=======================================================================================================================================================================================
INFORMATION
9/24/2021 2:33:36 AM
Error parsing column 8 (Balance=0 - Int64)
=======================================================================================================================================================================================
INFORMATION
9/24/2021 2:35:59 AM
İstek alındı!
=======================================================================================================================================================================================
INFORMATION
9/24/2021 2:36:02 AM
Error parsing column 8 (Balance=0 - Int64)
=======================================================================================================================================================================================
INFORMATION
9/24/2021 2:36:39 AM
İstek alındı!
=======================================================================================================================================================================================
INFORMATION
9/24/2021 2:36:39 AM
Veriler veritabanından okundu!
=======================================================================================================================================================================================
INFORMATION
9/24/2021 2:37:44 AM
Veriler veritabanına yazıldı!
=======================================================================================================================================================================================
INFORMATION
9/24/2021 2:37:54 AM
İstek alındı!
=======================================================================================================================================================================================
INFORMATION
9/24/2021 2:37:54 AM
Veriler veritabanından okundu!
=======================================================================================================================================================================================
INFORMATION
9/24/2021 2:50:31 AM
İstek alındı!
=======================================================================================================================================================================================
INFORMATION
9/24/2021 2:50:31 AM
Veriler veritabanından okundu!
=======================================================================================================================================================================================
INFORMATION
9/24/2021 2:50:31 AM
İstek alındı!
=======================================================================================================================================================================================
INFORMATION
9/24/2021 2:50:31 AM
Veriler veritabanından okundu!
=======================================================================================================================================================================================
INFORMATION
9/24/2021 2:50:50 AM
Veriler veritabanına yazıldı!
=======================================================================================================================================================================================
INFORMATION
9/24/2021 2:50:59 AM
İstek alındı!
=======================================================================================================================================================================================
INFORMATION
9/24/2021 2:50:59 AM
Error parsing column 8 (Balance=0 - Int64)
=======================================================================================================================================================================================
INFORMATION
9/24/2021 2:51:20 AM
İstek alındı!
=======================================================================================================================================================================================
INFORMATION
9/24/2021 2:51:44 AM
Error parsing column 8 (Balance=0 - Int64)
=======================================================================================================================================================================================
INFORMATION
24.09.2021 16:22:49
Veriler veritabanına yazıldı!
=======================================================================================================================================================================================
INFORMATION
24.09.2021 16:22:58
İstek alındı!
=======================================================================================================================================================================================
INFORMATION
24.09.2021 16:22:58
Error parsing column 8 (Balance=0 - Int64)
=======================================================================================================================================================================================
INFORMATION
24.09.2021 16:23:40
İstek alındı!
=======================================================================================================================================================================================
INFORMATION
24.09.2021 16:23:40
Error parsing column 8 (Balance=0 - Int64)
=======================================================================================================================================================================================
INFORMATION
24.09.2021 16:23:40
İstek alındı!
=======================================================================================================================================================================================
INFORMATION
24.09.2021 16:23:41
Error parsing column 8 (Balance=0 - Int64)
=======================================================================================================================================================================================
INFORMATION
24.09.2021 16:24:14
İstek alındı!
=======================================================================================================================================================================================
INFORMATION
24.09.2021 16:24:14
Error parsing column 8 (Balance=0 - Int64)
=======================================================================================================================================================================================
INFORMATION
24.09.2021 16:24:16
İstek alındı!
=======================================================================================================================================================================================
INFORMATION
24.09.2021 16:24:16
Error parsing column 8 (Balance=0 - Int64)
=======================================================================================================================================================================================
INFORMATION
24.09.2021 16:26:19
İstek alındı!
=======================================================================================================================================================================================
INFORMATION
24.09.2021 16:26:20
Error parsing column 0 (Id=48fc25ed-bf80-4c40-9375-c59dca26528f - String)
=======================================================================================================================================================================================
INFORMATION
24.09.2021 16:26:43
İstek alındı!
=======================================================================================================================================================================================
INFORMATION
24.09.2021 16:26:43
Veriler veritabanından okundu!
=======================================================================================================================================================================================
INFORMATION
24.09.2021 16:27:00
Veriler veritabanına yazıldı!
=======================================================================================================================================================================================
INFORMATION
24.09.2021 16:47:32
İstek alındı!
=======================================================================================================================================================================================
INFORMATION
24.09.2021 16:47:32
Error parsing column 8 (Balance=0 - Int64)
=======================================================================================================================================================================================
INFORMATION
24.09.2021 16:48:03
İstek alındı!
=======================================================================================================================================================================================
INFORMATION
24.09.2021 16:48:04
Error parsing column 8 (Balance=0 - Int64)
=======================================================================================================================================================================================
INFORMATION
24.09.2021 16:48:47
İstek alındı!
=======================================================================================================================================================================================
INFORMATION
24.09.2021 16:48:47
Error parsing column 8 (Balance=0 - Int64)
=======================================================================================================================================================================================
INFORMATION
24.09.2021 16:51:18
İstek alındı!
=======================================================================================================================================================================================
INFORMATION
24.09.2021 16:51:19
Error parsing column 8 (Balance=0 - Int64)
=======================================================================================================================================================================================
INFORMATION
24.09.2021 16:57:47
İstek alındı!
=======================================================================================================================================================================================
INFORMATION
24.09.2021 16:57:47
Error parsing column 8 (Balance=0 - Int64)
=======================================================================================================================================================================================
INFORMATION
24.09.2021 16:59:30
İstek alındı!
=======================================================================================================================================================================================
INFORMATION
24.09.2021 16:59:30
Error parsing column 8 (Balance=0 - Int64)
=======================================================================================================================================================================================
INFORMATION
24.09.2021 17:42:39
İstek alındı!
=======================================================================================================================================================================================
INFORMATION
24.09.2021 17:42:49
İstek alındı!
=======================================================================================================================================================================================
INFORMATION
24.09.2021 17:43:14
İstek alındı!
=======================================================================================================================================================================================
INFORMATION
24.09.2021 17:45:45
İstek alındı!
=======================================================================================================================================================================================
INFORMATION
24.09.2021 17:45:55
İstek alındı!
=======================================================================================================================================================================================
INFORMATION
24.09.2021 17:46:31
İstek alındı!
=======================================================================================================================================================================================
INFORMATION
24.09.2021 17:47:18
İstek alındı!
=======================================================================================================================================================================================
INFORMATION
24.09.2021 17:50:13
İstek alındı!
=======================================================================================================================================================================================
INFORMATION
24.09.2021 17:50:27
İstek alındı!
=======================================================================================================================================================================================
